<?xml version="1.0" encoding="UTF-8"?>
<!-- Generated by org.testng.reporters.JUnitXMLReporter -->
<testsuite hostname="Sutinee-PC" name="SuiteOneCaseOne" tests="2" failures="1" timestamp="24 Jul 2016 14:18:32 GMT" time="0.102" errors="0">
  <testcase name="SuiteOneCaseOneTest" time="0.011" classname="com.stta.SuiteOne.SuiteOneCaseOne">
    <failure type="java.lang.AssertionError" message="The following asserts failed:
	21 And 22 Not Match expected [22] but found [21]">
      <![CDATA[java.lang.AssertionError: The following asserts failed:
	21 And 22 Not Match expected [22] but found [21]
	at com.stta.SuiteOne.SuiteOneCaseOne.SuiteOneCaseOneTest(SuiteOneCaseOne.java:93)
... Removed 26 stack frames]]>
    </failure>
  </testcase> <!-- SuiteOneCaseOneTest -->
  <testcase name="SuiteOneCaseOneTest" time="0.002" classname="com.stta.SuiteOne.SuiteOneCaseOne">
    <skipped/>
  </testcase> <!-- SuiteOneCaseOneTest -->
</testsuite> <!-- SuiteOneCaseOne -->
